[2023-03-30 21:24:22.417][ERROR][{main}][TID: %PARSER_ERROR[tid]][org.springframework.boot.SpringApplication#reportFailure 819]LINECONTENT:Application run failed
java.lang.IllegalStateException: java.lang.IllegalStateException: Logback configuration error detected: 
ERROR in ch.qos.logback.core.joran.action.DefinePropertyAction - Could not create an PropertyDefiner of type [com.**.config.LogIpPropertyConfig]. ch.qos.logback.core.util.DynamicClassLoadingException: Failed to instantiate type com.**.config.LogIpPropertyConfig
ERROR in ch.qos.logback.core.joran.spi.Interpreter@13:65 - ActionException in Action for tag [define] ch.qos.logback.core.joran.spi.ActionException: ch.qos.logback.core.util.DynamicClassLoadingException: Failed to instantiate type com.**.config.LogIpPropertyConfig
ERROR in ch.qos.logback.core.pattern.parser.Compiler@550a1967 - Failed to instantiate converter class [org.apache.skywalking.apm.toolkit.log.logback.v1.x.LogbackPatternConverter] for keyword [tid] ch.qos.logback.core.util.DynamicClassLoadingException: Failed to instantiate type org.apache.skywalking.apm.toolkit.log.logback.v1.x.LogbackPatternConverter
ERROR in ch.qos.logback.core.pattern.parser.Compiler@550a1967 - [tid] is not a valid conversion word
ERROR in ch.qos.logback.core.pattern.parser.Compiler@75cd8043 - Failed to instantiate converter class [org.apache.skywalking.apm.toolkit.log.logback.v1.x.LogbackPatternConverter] for keyword [tid] ch.qos.logback.core.util.DynamicClassLoadingException: Failed to instantiate type org.apache.skywalking.apm.toolkit.log.logback.v1.x.LogbackPatternConverter
ERROR in ch.qos.logback.core.pattern.parser.Compiler@75cd8043 - [tid] is not a valid conversion word
ERROR in ch.qos.logback.core.pattern.parser.Compiler@2ceb80a1 - Failed to instantiate converter class [org.apache.skywalking.apm.toolkit.log.logback.v1.x.LogbackPatternConverter] for keyword [tid] ch.qos.logback.core.util.DynamicClassLoadingException: Failed to instantiate type org.apache.skywalking.apm.toolkit.log.logback.v1.x.LogbackPatternConverter
ERROR in ch.qos.logback.core.pattern.parser.Compiler@2ceb80a1 - [tid] is not a valid conversion word
	at org.springframework.boot.context.logging.LoggingApplicationListener.initializeSystem(LoggingApplicationListener.java:328)
	at org.springframework.boot.context.logging.LoggingApplicationListener.initialize(LoggingApplicationListener.java:282)
	at org.springframework.boot.context.logging.LoggingApplicationListener.onApplicationEnvironmentPreparedEvent(LoggingApplicationListener.java:240)
	at org.springframework.boot.context.logging.LoggingApplicationListener.onApplicationEvent(LoggingApplicationListener.java:216)
	at org.springframework.context.event.SimpleApplicationEventMulticaster.doInvokeListener(SimpleApplicationEventMulticaster.java:176)
	at org.springframework.context.event.SimpleApplicationEventMulticaster.invokeListener(SimpleApplicationEventMulticaster.java:169)
	at org.springframework.context.event.SimpleApplicationEventMulticaster.multicastEvent(SimpleApplicationEventMulticaster.java:143)
	at org.springframework.context.event.SimpleApplicationEventMulticaster.multicastEvent(SimpleApplicationEventMulticaster.java:131)
	at org.springframework.boot.context.event.EventPublishingRunListener.environmentPrepared(EventPublishingRunListener.java:85)
	at org.springframework.boot.SpringApplicationRunListeners.lambda$environmentPrepared$2(SpringApplicationRunListeners.java:66)
	at java.util.ArrayList.forEach(ArrayList.java:1259)
	at org.springframework.boot.SpringApplicationRunListeners.doWithListeners(SpringApplicationRunListeners.java:120)
	at org.springframework.boot.SpringApplicationRunListeners.doWithListeners(SpringApplicationRunListeners.java:114)
	at org.springframework.boot.SpringApplicationRunListeners.environmentPrepared(SpringApplicationRunListeners.java:65)
	at org.springframework.boot.SpringApplication.prepareEnvironment(SpringApplication.java:338)
	at org.springframework.boot.SpringApplication.run(SpringApplication.java:296)
	at org.springframework.boot.SpringApplication.run(SpringApplication.java:1301)
	at org.springframework.boot.SpringApplication.run(SpringApplication.java:1290)
	at com.easybbs.EasybbsAdminApplication.main(EasybbsAdminApplication.java:9)
Caused by: java.lang.IllegalStateException: Logback configuration error detected: 
ERROR in ch.qos.logback.core.joran.action.DefinePropertyAction - Could not create an PropertyDefiner of type [com.**.config.LogIpPropertyConfig]. ch.qos.logback.core.util.DynamicClassLoadingException: Failed to instantiate type com.**.config.LogIpPropertyConfig
ERROR in ch.qos.logback.core.joran.spi.Interpreter@13:65 - ActionException in Action for tag [define] ch.qos.logback.core.joran.spi.ActionException: ch.qos.logback.core.util.DynamicClassLoadingException: Failed to instantiate type com.**.config.LogIpPropertyConfig
ERROR in ch.qos.logback.core.pattern.parser.Compiler@550a1967 - Failed to instantiate converter class [org.apache.skywalking.apm.toolkit.log.logback.v1.x.LogbackPatternConverter] for keyword [tid] ch.qos.logback.core.util.DynamicClassLoadingException: Failed to instantiate type org.apache.skywalking.apm.toolkit.log.logback.v1.x.LogbackPatternConverter
ERROR in ch.qos.logback.core.pattern.parser.Compiler@550a1967 - [tid] is not a valid conversion word
ERROR in ch.qos.logback.core.pattern.parser.Compiler@75cd8043 - Failed to instantiate converter class [org.apache.skywalking.apm.toolkit.log.logback.v1.x.LogbackPatternConverter] for keyword [tid] ch.qos.logback.core.util.DynamicClassLoadingException: Failed to instantiate type org.apache.skywalking.apm.toolkit.log.logback.v1.x.LogbackPatternConverter
ERROR in ch.qos.logback.core.pattern.parser.Compiler@75cd8043 - [tid] is not a valid conversion word
ERROR in ch.qos.logback.core.pattern.parser.Compiler@2ceb80a1 - Failed to instantiate converter class [org.apache.skywalking.apm.toolkit.log.logback.v1.x.LogbackPatternConverter] for keyword [tid] ch.qos.logback.core.util.DynamicClassLoadingException: Failed to instantiate type org.apache.skywalking.apm.toolkit.log.logback.v1.x.LogbackPatternConverter
ERROR in ch.qos.logback.core.pattern.parser.Compiler@2ceb80a1 - [tid] is not a valid conversion word
	at org.springframework.boot.logging.logback.LogbackLoggingSystem.loadConfiguration(LogbackLoggingSystem.java:179)
	at org.springframework.boot.logging.AbstractLoggingSystem.initializeWithConventions(AbstractLoggingSystem.java:80)
	at org.springframework.boot.logging.AbstractLoggingSystem.initialize(AbstractLoggingSystem.java:60)
	at org.springframework.boot.logging.logback.LogbackLoggingSystem.initialize(LogbackLoggingSystem.java:132)
	at org.springframework.boot.context.logging.LoggingApplicationListener.initializeSystem(LoggingApplicationListener.java:313)
	... 18 common frames omitted
